<html>
<head>
<title>TestNG:  Default test</title>
<link href="../testng.css" rel="stylesheet" type="text/css" />
<link href="../my-testng.css" rel="stylesheet" type="text/css" />

<style type="text/css">
.log { display: none;} 
.stack-trace { display: none;} 
</style>
<script type="text/javascript">
<!--
function flip(e) {
  current = e.style.display;
  if (current == 'block') {
    e.style.display = 'none';
    return 0;
  }
  else {
    e.style.display = 'block';
    return 1;
  }
}

function toggleBox(szDivId, elem, msg1, msg2)
{
  var res = -1;  if (document.getElementById) {
    res = flip(document.getElementById(szDivId));
  }
  else if (document.all) {
    // this is the way old msie versions work
    res = flip(document.all[szDivId]);
  }
  if(elem) {
    if(res == 0) elem.innerHTML = msg1; else elem.innerHTML = msg2;
  }

}

function toggleAllBoxes() {
  if (document.getElementsByTagName) {
    d = document.getElementsByTagName('div');
    for (i = 0; i < d.length; i++) {
      if (d[i].className == 'log') {
        flip(d[i]);
      }
    }
  }
}

// -->
</script>

</head>
<body>
<h2 align='center'>Default test</h2><table border='1' align="center">
<tr>
<td>Tests passed/Failed/Skipped:</td><td>14/1/0</td>
</tr><tr>
<td>Started on:</td><td>Wed Oct 11 16:50:23 IST 2023</td>
</tr>
<tr><td>Total time:</td><td>123 seconds (123517 ms)</td>
</tr><tr>
<td>Included groups:</td><td></td>
</tr><tr>
<td>Excluded groups:</td><td></td>
</tr>
</table><p/>
<small><i>(Hover the method name to see the test class name)</i></small><p/>
<table width='100%' border='1' class='invocation-failed'>
<tr><td colspan='4' align='center'><b>FAILED TESTS</b></td></tr>
<tr><td><b>Test method</b></td>
<td><b>Attribute(s)</b></td>
<td width="30%"><b>Exception</b></td>
<td width="10%"><b>Time (seconds)</b></td>
<td><b>Instance</b></td>
</tr>
<tr>
<td title='org.android.test.Vox.tc14_Home_Heart_Rate_Card()'><b>tc14_Home_Heart_Rate_Card</b><br>Test class: org.android.test.Vox<br>Parameters: 89</td>
<td><div><pre>java.lang.AssertionError: Actual and Expected are not same expected [89] but found [87]
	at org.testng.Assert.fail(Assert.java:110)
	at org.testng.Assert.failNotEquals(Assert.java:1577)
	at org.testng.Assert.assertEqualsImpl(Assert.java:149)
	at org.testng.Assert.assertEquals(Assert.java:131)
	at org.testng.Assert.assertEquals(Assert.java:655)
	at org.android.test.Vox.tc14_Home_Heart_Rate_Card(Vox.java:451)
	at java.base/jdk.internal.reflect.NativeMethodAccessorImpl.invoke0(Native Method)
	at java.base/jdk.internal.reflect.NativeMethodAccessorImpl.invoke(NativeMethodAccessorImpl.java:77)
	at java.base/jdk.internal.reflect.DelegatingMethodAccessorImpl.invoke(DelegatingMethodAccessorImpl.java:43)
	at java.base/java.lang.reflect.Method.invoke(Method.java:568)
	at org.testng.internal.invokers.MethodInvocationHelper.invokeMethod(MethodInvocationHelper.java:139)
	at org.testng.internal.invokers.TestInvoker.invokeMethod(TestInvoker.java:677)
	at org.testng.internal.invokers.TestInvoker.invokeTestMethod(TestInvoker.java:221)
	at org.testng.internal.invokers.MethodRunner.runInSequence(MethodRunner.java:50)
	at org.testng.internal.invokers.TestInvoker$MethodInvocationAgent.invoke(TestInvoker.java:969)
	at org.testng.internal.invokers.TestInvoker.invokeTestMethods(TestInvoker.java:194)
	at org.testng.internal.invokers.TestMethodWorker.invokeTestMethods(TestMethodWorker.java:148)
	at org.testng.internal.invokers.TestMethodWorker.run(TestMethodWorker.java:128)
	at java.base/java.util.ArrayList.forEach(ArrayList.java:1511)
	at org.testng.TestRunner.privateRun(TestRunner.java:829)
	at org.testng.TestRunner.run(TestRunner.java:602)
	at org.testng.SuiteRunner.runTest(SuiteRunner.java:437)
	at org.testng.SuiteRunner.runSequentially(SuiteRunner.java:431)
	at org.testng.SuiteRunner.privateRun(SuiteRunner.java:391)
	at org.testng.SuiteRunner.run(SuiteRunner.java:330)
	at org.testng.SuiteRunnerWorker.runSuite(SuiteRunnerWorker.java:52)
	at org.testng.SuiteRunnerWorker.run(SuiteRunnerWorker.java:95)
	at org.testng.TestNG.runSuitesSequentially(TestNG.java:1256)
	at org.testng.TestNG.runSuitesLocally(TestNG.java:1176)
	at org.testng.TestNG.runSuites(TestNG.java:1099)
	at org.testng.TestNG.run(TestNG.java:1067)
	at org.testng.remote.AbstractRemoteTestNG.run(AbstractRemoteTestNG.java:115)
	at org.testng.remote.RemoteTestNG.initAndRun(RemoteTestNG.java:251)
	at org.testng.remote.RemoteTestNG.main(RemoteTestNG.java:77)
</pre></div><a href='#' onClick='toggleBox("stack-trace1763750076", this, "Click to show all stack frames", "Click to hide stack frames")'>Click to show all stack frames</a>
<div class='stack-trace' id='stack-trace1763750076'><pre>java.lang.AssertionError: Actual and Expected are not same expected [89] but found [87]
	at org.testng.Assert.fail(Assert.java:110)
	at org.testng.Assert.failNotEquals(Assert.java:1577)
	at org.testng.Assert.assertEqualsImpl(Assert.java:149)
	at org.testng.Assert.assertEquals(Assert.java:131)
	at org.testng.Assert.assertEquals(Assert.java:655)
	at org.android.test.Vox.tc14_Home_Heart_Rate_Card(Vox.java:451)
	at java.base/jdk.internal.reflect.NativeMethodAccessorImpl.invoke0(Native Method)
	at java.base/jdk.internal.reflect.NativeMethodAccessorImpl.invoke(NativeMethodAccessorImpl.java:77)
	at java.base/jdk.internal.reflect.DelegatingMethodAccessorImpl.invoke(DelegatingMethodAccessorImpl.java:43)
	at java.base/java.lang.reflect.Method.invoke(Method.java:568)
	at org.testng.internal.invokers.MethodInvocationHelper.invokeMethod(MethodInvocationHelper.java:139)
	at org.testng.internal.invokers.TestInvoker.invokeMethod(TestInvoker.java:677)
	at org.testng.internal.invokers.TestInvoker.invokeTestMethod(TestInvoker.java:221)
	at org.testng.internal.invokers.MethodRunner.runInSequence(MethodRunner.java:50)
	at org.testng.internal.invokers.TestInvoker$MethodInvocationAgent.invoke(TestInvoker.java:969)
	at org.testng.internal.invokers.TestInvoker.invokeTestMethods(TestInvoker.java:194)
	at org.testng.internal.invokers.TestMethodWorker.invokeTestMethods(TestMethodWorker.java:148)
	at org.testng.internal.invokers.TestMethodWorker.run(TestMethodWorker.java:128)
	at java.base/java.util.ArrayList.forEach(ArrayList.java:1511)
	at org.testng.TestRunner.privateRun(TestRunner.java:829)
	at org.testng.TestRunner.run(TestRunner.java:602)
	at org.testng.SuiteRunner.runTest(SuiteRunner.java:437)
	at org.testng.SuiteRunner.runSequentially(SuiteRunner.java:431)
	at org.testng.SuiteRunner.privateRun(SuiteRunner.java:391)
	at org.testng.SuiteRunner.run(SuiteRunner.java:330)
	at org.testng.SuiteRunnerWorker.runSuite(SuiteRunnerWorker.java:52)
	at org.testng.SuiteRunnerWorker.run(SuiteRunnerWorker.java:95)
	at org.testng.TestNG.runSuitesSequentially(TestNG.java:1256)
	at org.testng.TestNG.runSuitesLocally(TestNG.java:1176)
	at org.testng.TestNG.runSuites(TestNG.java:1099)
	at org.testng.TestNG.run(TestNG.java:1067)
	at org.testng.remote.AbstractRemoteTestNG.run(AbstractRemoteTestNG.java:115)
	at org.testng.remote.RemoteTestNG.initAndRun(RemoteTestNG.java:251)
	at org.testng.remote.RemoteTestNG.main(RemoteTestNG.java:77)
</pre></div></td>
<td>1</td>
<td>org.android.test.Vox@77f1baf5</td></tr>
</table><p>
<table width='100%' border='1' class='invocation-passed'>
<tr><td colspan='4' align='center'><b>PASSED TESTS</b></td></tr>
<tr><td><b>Test method</b></td>
<td><b>Attribute(s)</b></td>
<td width="30%"><b>Exception</b></td>
<td width="10%"><b>Time (seconds)</b></td>
<td><b>Instance</b></td>
</tr>
<tr>
<td title='org.android.test.Vox.tc11_Home_Excercise_Card()'><b>tc11_Home_Excercise_Card</b><br>Test class: org.android.test.Vox<br>Parameters: 1.24</td>
<td></td>
<td>4</td>
<td>org.android.test.Vox@77f1baf5</td></tr>
<tr>
<td title='org.android.test.Vox.tc08_ProfileTab()'><b>tc08_ProfileTab</b><br>Test class: org.android.test.Vox</td>
<td></td>
<td>3</td>
<td>org.android.test.Vox@77f1baf5</td></tr>
<tr>
<td title='org.android.test.Vox.tc15_Home_Spo2_Card()'><b>tc15_Home_Spo2_Card</b><br>Test class: org.android.test.Vox<br>Parameters: 96</td>
<td></td>
<td>5</td>
<td>org.android.test.Vox@77f1baf5</td></tr>
<tr>
<td title='org.android.test.Vox.tc03_LoginScreen_Agree_Policy()'><b>tc03_LoginScreen_Agree_Policy</b><br>Test class: org.android.test.Vox</td>
<td></td>
<td>5</td>
<td>org.android.test.Vox@77f1baf5</td></tr>
<tr>
<td title='org.android.test.Vox.tc06_Pairing_the_device()'><b>tc06_Pairing_the_device</b><br>Test class: org.android.test.Vox</td>
<td></td>
<td>28</td>
<td>org.android.test.Vox@77f1baf5</td></tr>
<tr>
<td title='org.android.test.Vox.tc02_Permission_Access_Photo_Media_Files()'><b>tc02_Permission_Access_Photo_Media_Files</b><br>Test class: org.android.test.Vox</td>
<td></td>
<td>5</td>
<td>org.android.test.Vox@77f1baf5</td></tr>
<tr>
<td title='org.android.test.Vox.tc13_Stress_Card()'><b>tc13_Stress_Card</b><br>Test class: org.android.test.Vox<br>Parameters: 30</td>
<td></td>
<td>5</td>
<td>org.android.test.Vox@77f1baf5</td></tr>
<tr>
<td title='org.android.test.Vox.tc04_Login_with_Registered_MobileNumber()'><b>tc04_Login_with_Registered_MobileNumber</b><br>Test class: org.android.test.Vox</td>
<td></td>
<td>7</td>
<td>org.android.test.Vox@77f1baf5</td></tr>
<tr>
<td title='org.android.test.Vox.tc07_Set_and_Cancel_Amazon_HealthFitness_Settings()'><b>tc07_Set_and_Cancel_Amazon_HealthFitness_Settings</b><br>Test class: org.android.test.Vox</td>
<td></td>
<td>2</td>
<td>org.android.test.Vox@77f1baf5</td></tr>
<tr>
<td title='org.android.test.Vox.tc01_AppLaunch_and_Permission_to_Access_photo_media_files()'><b>tc01_AppLaunch_and_Permission_to_Access_photo_media_files</b><br>Test class: org.android.test.Vox</td>
<td></td>
<td>13</td>
<td>org.android.test.Vox@77f1baf5</td></tr>
<tr>
<td title='org.android.test.Vox.tc12_Home_Sleep_Card()'><b>tc12_Home_Sleep_Card</b><br>Test class: org.android.test.Vox<br>Parameters: 6,19</td>
<td></td>
<td>10</td>
<td>org.android.test.Vox@77f1baf5</td></tr>
<tr>
<td title='org.android.test.Vox.tc05_Permission_to_Access_device_location_and_enable_relevent_settings()'><b>tc05_Permission_to_Access_device_location_and_enable_relevent_settings</b><br>Test class: org.android.test.Vox</td>
<td></td>
<td>11</td>
<td>org.android.test.Vox@77f1baf5</td></tr>
<tr>
<td title='org.android.test.Vox.tc09_MultisportTab()'><b>tc09_MultisportTab</b><br>Test class: org.android.test.Vox</td>
<td></td>
<td>5</td>
<td>org.android.test.Vox@77f1baf5</td></tr>
<tr>
<td title='org.android.test.Vox.tc10_MyDeviceTab()'><b>tc10_MyDeviceTab</b><br>Test class: org.android.test.Vox</td>
<td></td>
<td>12</td>
<td>org.android.test.Vox@77f1baf5</td></tr>
</table><p>
</body>
</html>